0 info it worked if it ends with ok
1 verbose cli [ '/usr/bin/iojs',
1 verbose cli   '/usr/bin/npm',
1 verbose cli   'install',
1 verbose cli   '-g',
1 verbose cli   'browserify-cdn' ]
2 info using npm@2.11.2
3 info using node@v2.3.1
4 verbose install initial load of /usr/lib/package.json
5 verbose readDependencies loading dependencies from /usr/lib/package.json
6 silly cache add args [ 'browserify-cdn', null ]
7 verbose cache add spec browserify-cdn
8 silly cache add parsed spec { raw: 'browserify-cdn',
8 silly cache add   scope: null,
8 silly cache add   name: 'browserify-cdn',
8 silly cache add   rawSpec: '',
8 silly cache add   spec: '*',
8 silly cache add   type: 'range' }
9 silly addNamed browserify-cdn@*
10 verbose addNamed "*" is a valid semver range for browserify-cdn
11 silly addNameRange { name: 'browserify-cdn', range: '*', hasData: false }
12 silly mapToRegistry name browserify-cdn
13 silly mapToRegistry using default registry
14 silly mapToRegistry registry https://registry.npmjs.org/
15 silly mapToRegistry uri https://registry.npmjs.org/browserify-cdn
16 verbose addNameRange registry:https://registry.npmjs.org/browserify-cdn not in flight; fetching
17 verbose request uri https://registry.npmjs.org/browserify-cdn
18 verbose request no auth needed
19 info attempt registry request try #1 at 9:17:39 PM
20 verbose request id 3d7d92473ae5ea69
21 http request GET https://registry.npmjs.org/browserify-cdn
22 http 200 https://registry.npmjs.org/browserify-cdn
23 silly get cb [ 200,
23 silly get   { server: 'CouchDB/1.5.0 (Erlang OTP/R16B03)',
23 silly get     etag: '"AFAALICOTE58K70GT7H08VP3O"',
23 silly get     'content-type': 'application/json',
23 silly get     'cache-control': 'max-age=60',
23 silly get     'content-length': '8583',
23 silly get     'accept-ranges': 'bytes',
23 silly get     date: 'Wed, 08 Jul 2015 14:17:40 GMT',
23 silly get     via: '1.1 varnish',
23 silly get     age: '0',
23 silly get     connection: 'keep-alive',
23 silly get     'x-served-by': 'cache-lax1420-LAX',
23 silly get     'x-cache': 'MISS',
23 silly get     'x-cache-hits': '0',
23 silly get     'x-timer': 'S1436365060.120592,VS0,VE49',
23 silly get     vary: 'Accept' } ]
24 verbose get saving browserify-cdn to /home/dsont/.npm/registry.npmjs.org/browserify-cdn/.cache.json
25 silly addNameRange number 2 { name: 'browserify-cdn', range: '*', hasData: true }
26 silly addNameRange versions [ 'browserify-cdn', [ '0.3.1', '0.3.2' ] ]
27 silly addNamed browserify-cdn@0.3.2
28 verbose addNamed "0.3.2" is a plain semver version for browserify-cdn
29 silly mapToRegistry name browserify-cdn
30 silly mapToRegistry using default registry
31 silly mapToRegistry registry https://registry.npmjs.org/
32 silly mapToRegistry uri https://registry.npmjs.org/browserify-cdn
33 verbose addRemoteTarball https://registry.npmjs.org/browserify-cdn/-/browserify-cdn-0.3.2.tgz not in flight; adding
34 verbose addRemoteTarball [ 'https://registry.npmjs.org/browserify-cdn/-/browserify-cdn-0.3.2.tgz',
34 verbose addRemoteTarball   '0d45eb0bbbd197efac89e861a226eadd6fd0485a' ]
35 info retry fetch attempt 1 at 9:17:40 PM
36 info attempt registry request try #1 at 9:17:40 PM
37 http fetch GET https://registry.npmjs.org/browserify-cdn/-/browserify-cdn-0.3.2.tgz
38 http fetch 200 https://registry.npmjs.org/browserify-cdn/-/browserify-cdn-0.3.2.tgz
39 silly fetchAndShaCheck shasum 0d45eb0bbbd197efac89e861a226eadd6fd0485a
40 verbose addTmpTarball /tmp/npm-32527-25bae37d/registry.npmjs.org/browserify-cdn/-/browserify-cdn-0.3.2.tgz not in flight; adding
41 verbose addTmpTarball already have metadata; skipping unpack for browserify-cdn@0.3.2
42 silly cache afterAdd browserify-cdn@0.3.2
43 verbose afterAdd /home/dsont/.npm/browserify-cdn/0.3.2/package/package.json not in flight; writing
44 verbose afterAdd /home/dsont/.npm/browserify-cdn/0.3.2/package/package.json written
45 silly install resolved [ { name: 'browserify-cdn',
45 silly install resolved     version: '0.3.2',
45 silly install resolved     repository:
45 silly install resolved      { type: 'git',
45 silly install resolved        url: 'https://github.com/jesusabdullah/browserify-cdn.git' },
45 silly install resolved     bin: { 'browserify-cdn': './bin/browserify-cdn' },
45 silly install resolved     dependencies:
45 silly install resolved      { level: '~0.18.0',
45 silly install resolved        browserify: '~3.31.2',
45 silly install resolved        npm: '~1.3.25',
45 silly install resolved        'concat-stream': '~1.4.1',
45 silly install resolved        rimraf: '~2.2.6',
45 silly install resolved        request: '~2.33.0',
45 silly install resolved        semver: '~2.2.1',
45 silly install resolved        mkdirp: '~0.3.5',
45 silly install resolved        express: '~3.4.8',
45 silly install resolved        minilog: '~2.0.0',
45 silly install resolved        'level-ttl': '~0.5.0',
45 silly install resolved        'level-sublevel': '~5.2.0',
45 silly install resolved        cors: '~2.1.1',
45 silly install resolved        'npm-publish-stream': '~0.4.0',
45 silly install resolved        glob: '3.2.6',
45 silly install resolved        xtend: '~2.1.2',
45 silly install resolved        waitress: '~0.1.5' },
45 silly install resolved     scripts:
45 silly install resolved      { test: 'rm -rf ./cdn.db && rm -rf ./test/cdn.db && tap ./test/*.js',
45 silly install resolved        start: 'node ./bin/browserify-cdn',
45 silly install resolved        'index-page': 'marked README.md | sed s_http://wzrd.in/standalone/concat-stream@latest_/standalone/concat-stream@latest_ | sed \'s_<p>Also, <a href="http://wzrd.in">wzrd.in</a> has a nice url generating form.</p>_<form method="get" id="url-generator"><h3>Or choose a module here:</h3><label>Module:<input type="text" name="module" value="concat-stream" required /></label><label>Version:<input type="text" name="ver" value="latest" required /></label><input type="submit" value="Go!" /></form>_\' | exercise-bike --readme :stdin: ./templates/index.handlebars ./public/index.html' },
45 silly install resolved     devDependencies:
45 silly install resolved      { marked: '~0.3.0',
45 silly install resolved        'exercise-bike': '0.0.1',
45 silly install resolved        jsontool: '~7.0.1',
45 silly install resolved        supertest: '~0.9.0',
45 silly install resolved        tap: '~0.4.8' },
45 silly install resolved     description: '[![Build Status](https://travis-ci.org/jesusabdullah/browserify-cdn.png?branch=master)](https://travis-ci.org/jesusabdullah/browserify-cdn)',
45 silly install resolved     bugs: { url: 'https://github.com/jesusabdullah/browserify-cdn/issues' },
45 silly install resolved     homepage: 'https://github.com/jesusabdullah/browserify-cdn',
45 silly install resolved     bundleDependencies: [ 'temp', 'scopedfs' ],
45 silly install resolved     _id: 'browserify-cdn@0.3.2',
45 silly install resolved     dist:
45 silly install resolved      { shasum: '0d45eb0bbbd197efac89e861a226eadd6fd0485a',
45 silly install resolved        tarball: 'http://registry.npmjs.org/browserify-cdn/-/browserify-cdn-0.3.2.tgz' },
45 silly install resolved     _from: 'browserify-cdn@*',
45 silly install resolved     _npmVersion: '1.4.3',
45 silly install resolved     _npmUser: { name: 'maxogden', email: 'max@maxogden.com' },
45 silly install resolved     maintainers: [ [Object], [Object] ],
45 silly install resolved     directories: {},
45 silly install resolved     _shasum: '0d45eb0bbbd197efac89e861a226eadd6fd0485a',
45 silly install resolved     _resolved: 'https://registry.npmjs.org/browserify-cdn/-/browserify-cdn-0.3.2.tgz' } ]
46 info install browserify-cdn@0.3.2 into /usr/lib
47 info installOne browserify-cdn@0.3.2
48 verbose installOne of browserify-cdn to /usr/lib not in flight; installing
49 verbose lock using /home/dsont/.npm/_locks/browserify-cdn-60fa71472dcf446a.lock for /usr/lib/node_modules/browserify-cdn
50 silly install write writing browserify-cdn 0.3.2 to /usr/lib/node_modules/browserify-cdn
51 verbose unbuild lib/node_modules/browserify-cdn
52 silly gentlyRm /usr/lib/node_modules/browserify-cdn is being purged from base /usr
53 verbose gentlyRm don't care about contents; nuking /usr/lib/node_modules/browserify-cdn
54 verbose tar unpack /home/dsont/.npm/browserify-cdn/0.3.2/package.tgz
55 verbose tar unpacking to /usr/lib/node_modules/browserify-cdn
56 silly gentlyRm /usr/lib/node_modules/browserify-cdn is being purged
57 verbose gentlyRm don't care about contents; nuking /usr/lib/node_modules/browserify-cdn
58 silly gunzTarPerm modes [ '755', '644' ]
59 error tar.unpack untar error /home/dsont/.npm/browserify-cdn/0.3.2/package.tgz
60 verbose unlock done using /home/dsont/.npm/_locks/browserify-cdn-60fa71472dcf446a.lock for /usr/lib/node_modules/browserify-cdn
61 verbose fstream_path /usr/lib/node_modules/browserify-cdn
62 verbose fstream_type Directory
63 verbose fstream_class DirWriter
64 verbose stack Error: EACCES: permission denied, mkdir '/usr/lib/node_modules/browserify-cdn'
64 verbose stack     at Error (native)
65 verbose fstream_stack /usr/lib/node_modules/npm/node_modules/fstream/lib/dir-writer.js:35:25
65 verbose fstream_stack /usr/lib/node_modules/npm/node_modules/mkdirp/index.js:47:53
65 verbose fstream_stack FSReqWrap.oncomplete (fs.js:82:15)
66 verbose cwd /code/client/scripts
67 error Linux 4.0.5-1-MANJARO
68 error argv "/usr/bin/iojs" "/usr/bin/npm" "install" "-g" "browserify-cdn"
69 error node v2.3.1
70 error npm  v2.11.2
71 error path /usr/lib/node_modules/browserify-cdn
72 error code EACCES
73 error errno -13
74 error syscall mkdir
75 error Error: EACCES: permission denied, mkdir '/usr/lib/node_modules/browserify-cdn'
75 error     at Error (native)
75 error  { [Error: EACCES: permission denied, mkdir '/usr/lib/node_modules/browserify-cdn']
75 error   errno: -13,
75 error   code: 'EACCES',
75 error   syscall: 'mkdir',
75 error   path: '/usr/lib/node_modules/browserify-cdn',
75 error   fstream_type: 'Directory',
75 error   fstream_path: '/usr/lib/node_modules/browserify-cdn',
75 error   fstream_class: 'DirWriter',
75 error   fstream_stack:
75 error    [ '/usr/lib/node_modules/npm/node_modules/fstream/lib/dir-writer.js:35:25',
75 error      '/usr/lib/node_modules/npm/node_modules/mkdirp/index.js:47:53',
75 error      'FSReqWrap.oncomplete (fs.js:82:15)' ] }
76 error Please try running this command again as root/Administrator.
77 verbose exit [ -13, true ]
78 verbose unbuild lib/node_modules/browserify-cdn
79 silly gentlyRm /usr/lib/node_modules/browserify-cdn is being purged from base /usr
80 verbose gentlyRm don't care about contents; nuking /usr/lib/node_modules/browserify-cdn
